[2026-05-02T09:21:48.200Z] bootstrapApplication:start
[2026-05-02T09:21:48.205Z] bootstrapApplication:registry-ready 15
[2026-05-02T09:21:48.207Z] bootstrapApplication:electron-loaded
[2026-05-02T09:21:48.213Z] bootstrapApplication:setup-loaded
[2026-05-02T09:21:48.214Z] bootstrapApplication:setup-package-created
[2026-05-02T09:21:48.215Z] bootElectron:start
[2026-05-02T09:21:48.216Z] bootElectron:process-type browser
[2026-05-02T09:21:48.230Z] bootElectron:app-isReady-initial false
[2026-05-02T09:21:48.230Z] registerIpcHandlers:start 3
[2026-05-02T09:21:48.231Z] registerIpcHandlers:channel setup:bootstrap
[2026-05-02T09:21:48.231Z] registerIpcHandlers:channel setup:save-draft
[2026-05-02T09:21:48.232Z] registerIpcHandlers:channel setup:complete
[2026-05-02T09:21:48.232Z] bootElectron:waiting-for-ready-event
[2026-05-02T09:21:48.233Z] bootstrapApplication:bootElectron-resolved
[2026-05-02T09:21:52.844Z] app:ready-event
[2026-05-02T09:21:52.845Z] launchMainWindow:start
[2026-05-02T09:21:52.845Z] createMainWindow:start D:\Projects\Joanium\v2\Packages\Setup\UI\Index.html
[2026-05-02T09:21:57.897Z] app:web-contents-created
[2026-05-02T09:21:57.918Z] app:browser-window-created
[2026-05-02T09:21:59.939Z] webContents:did-start-loading
[2026-05-02T09:22:03.710Z] browserWindow:focus
[2026-05-02T09:22:08.474Z] browserWindow:focus
[2026-05-02T09:22:16.023Z] browserWindow:show
[2026-05-02T09:22:16.074Z] webContents:did-finish-load
[2026-05-02T09:22:16.074Z] createMainWindow:loadFile-resolved
[2026-05-02T09:22:16.076Z] browserWindow:show
[2026-05-02T09:22:16.078Z] launchMainWindow:complete
[2026-05-02T09:22:19.105Z] browserWindow:show
[2026-05-02T09:22:49.738Z] browserWindow:focus
[2026-05-02T09:23:06.661Z] browserWindow:focus
[2026-05-02T09:24:14.335Z] browserWindow:focus
[2026-05-02T09:24:24.228Z] browserWindow:focus
[2026-05-02T09:24:29.030Z] app:web-contents-created
[2026-05-02T09:24:48.528Z] browserWindow:focus
[2026-05-02T09:25:01.852Z] browserWindow:focus
[2026-05-02T09:25:37.911Z] browserWindow:focus
[2026-05-02T09:25:47.958Z] bootstrapApplication:start
[2026-05-02T09:25:47.964Z] bootstrapApplication:registry-ready 15
[2026-05-02T09:25:47.967Z] bootstrapApplication:electron-loaded
[2026-05-02T09:25:47.972Z] bootstrapApplication:setup-loaded
[2026-05-02T09:25:47.973Z] bootstrapApplication:setup-package-created
[2026-05-02T09:25:47.974Z] bootElectron:start
[2026-05-02T09:25:47.974Z] bootElectron:process-type browser
[2026-05-02T09:25:47.975Z] bootElectron:app-isReady-initial false
[2026-05-02T09:25:47.976Z] registerIpcHandlers:start 3
[2026-05-02T09:25:47.977Z] registerIpcHandlers:channel setup:bootstrap
[2026-05-02T09:25:47.977Z] registerIpcHandlers:channel setup:save-draft
[2026-05-02T09:25:47.978Z] registerIpcHandlers:channel setup:complete
[2026-05-02T09:25:47.978Z] bootElectron:waiting-for-ready-event
[2026-05-02T09:25:47.978Z] bootstrapApplication:bootElectron-resolved
[2026-05-02T09:25:48.066Z] app:ready-event
[2026-05-02T09:25:48.066Z] launchMainWindow:start
[2026-05-02T09:25:48.067Z] createMainWindow:start D:\Projects\Joanium\v2\Packages\Setup\UI\Index.html
[2026-05-02T09:25:48.117Z] app:web-contents-created
[2026-05-02T09:25:48.119Z] app:browser-window-created
[2026-05-02T09:25:48.744Z] webContents:did-start-loading
[2026-05-02T09:25:50.794Z] browserWindow:focus
[2026-05-02T09:25:52.806Z] browserWindow:focus
[2026-05-02T09:25:56.656Z] browserWindow:show
[2026-05-02T09:25:56.666Z] webContents:did-finish-load
[2026-05-02T09:25:56.667Z] createMainWindow:loadFile-resolved
[2026-05-02T09:25:56.673Z] browserWindow:show
[2026-05-02T09:25:56.675Z] launchMainWindow:complete
[2026-05-02T09:25:58.672Z] browserWindow:show
[2026-05-02T09:25:58.675Z] browserWindow:focus
[2026-05-02T09:27:09.706Z] bootstrapApplication:start
[2026-05-02T09:27:09.720Z] bootstrapApplication:registry-ready 15
[2026-05-02T09:27:09.722Z] bootstrapApplication:electron-loaded
[2026-05-02T09:27:09.727Z] bootstrapApplication:setup-loaded
[2026-05-02T09:27:09.728Z] bootstrapApplication:setup-package-created
[2026-05-02T09:27:09.728Z] bootElectron:start
[2026-05-02T09:27:09.729Z] bootElectron:process-type browser
[2026-05-02T09:27:09.729Z] bootElectron:app-isReady-initial false
[2026-05-02T09:27:09.730Z] registerIpcHandlers:start 3
[2026-05-02T09:27:09.730Z] registerIpcHandlers:channel setup:bootstrap
[2026-05-02T09:27:09.730Z] registerIpcHandlers:channel setup:save-draft
[2026-05-02T09:27:09.731Z] registerIpcHandlers:channel setup:complete
[2026-05-02T09:27:09.731Z] bootElectron:waiting-for-ready-event
[2026-05-02T09:27:09.731Z] bootstrapApplication:bootElectron-resolved
[2026-05-02T09:27:09.805Z] app:ready-event
[2026-05-02T09:27:09.805Z] launchMainWindow:start
[2026-05-02T09:27:09.805Z] createMainWindow:start D:\Projects\Joanium\v2\Packages\Setup\UI\Index.html
[2026-05-02T09:27:09.857Z] app:web-contents-created
[2026-05-02T09:27:09.858Z] app:browser-window-created
[2026-05-02T09:27:10.577Z] webContents:did-start-loading
[2026-05-02T09:27:11.925Z] browserWindow:focus
[2026-05-02T09:27:18.688Z] browserWindow:focus
[2026-05-02T09:27:25.279Z] browserWindow:focus
[2026-05-02T09:27:25.900Z] browserWindow:show
[2026-05-02T09:27:26.000Z] webContents:did-finish-load
[2026-05-02T09:27:26.001Z] createMainWindow:loadFile-resolved
[2026-05-02T09:27:26.008Z] browserWindow:show
[2026-05-02T09:27:26.010Z] launchMainWindow:complete
[2026-05-02T09:27:30.215Z] browserWindow:show
[2026-05-02T09:28:30.854Z] browserWindow:focus
[2026-05-02T09:28:42.546Z] browserWindow:focus
[2026-05-02T09:30:13.486Z] bootstrapApplication:start
[2026-05-02T09:30:13.502Z] bootstrapApplication:registry-ready 15
[2026-05-02T09:30:13.509Z] bootstrapApplication:electron-loaded
[2026-05-02T09:30:13.515Z] bootstrapApplication:setup-loaded
[2026-05-02T09:30:13.515Z] bootstrapApplication:setup-package-created
[2026-05-02T09:30:13.516Z] bootElectron:start
[2026-05-02T09:30:13.516Z] bootElectron:process-type browser
[2026-05-02T09:30:13.516Z] bootElectron:app-isReady-initial false
[2026-05-02T09:30:13.517Z] registerIpcHandlers:start 3
[2026-05-02T09:30:13.517Z] registerIpcHandlers:channel setup:bootstrap
[2026-05-02T09:30:13.517Z] registerIpcHandlers:channel setup:save-draft
[2026-05-02T09:30:13.518Z] registerIpcHandlers:channel setup:complete
[2026-05-02T09:30:13.518Z] bootElectron:waiting-for-ready-event
[2026-05-02T09:30:13.518Z] bootstrapApplication:bootElectron-resolved
[2026-05-02T09:30:13.594Z] app:ready-event
[2026-05-02T09:30:13.594Z] launchMainWindow:start
[2026-05-02T09:30:13.594Z] createMainWindow:start D:\Projects\Joanium\v2\Packages\Setup\UI\Index.html
[2026-05-02T09:30:13.728Z] app:web-contents-created
[2026-05-02T09:30:13.729Z] app:browser-window-created
[2026-05-02T09:30:14.156Z] webContents:did-start-loading
[2026-05-02T09:30:15.719Z] browserWindow:focus
[2026-05-02T09:30:17.921Z] browserWindow:focus
[2026-05-02T09:30:31.424Z] browserWindow:show
[2026-05-02T09:30:31.499Z] webContents:did-finish-load
[2026-05-02T09:30:31.500Z] createMainWindow:loadFile-resolved
[2026-05-02T09:30:31.508Z] browserWindow:show
[2026-05-02T09:30:31.509Z] launchMainWindow:complete
[2026-05-02T09:30:36.468Z] browserWindow:show
[2026-05-02T09:32:10.494Z] browserWindow:focus
[2026-05-02T09:34:19.219Z] browserWindow:focus
[2026-05-02T09:35:15.767Z] bootstrapApplication:start
[2026-05-02T09:35:15.772Z] bootstrapApplication:registry-ready 15
[2026-05-02T09:35:15.774Z] bootstrapApplication:electron-loaded
[2026-05-02T09:35:15.779Z] bootstrapApplication:setup-loaded
[2026-05-02T09:35:15.780Z] bootstrapApplication:setup-package-created
[2026-05-02T09:35:15.781Z] bootElectron:start
[2026-05-02T09:35:15.781Z] bootElectron:process-type browser
[2026-05-02T09:35:15.782Z] bootElectron:app-isReady-initial false
[2026-05-02T09:35:15.782Z] registerIpcHandlers:start 3
[2026-05-02T09:35:15.783Z] registerIpcHandlers:channel setup:bootstrap
[2026-05-02T09:35:15.783Z] registerIpcHandlers:channel setup:save-draft
[2026-05-02T09:35:15.783Z] registerIpcHandlers:channel setup:complete
[2026-05-02T09:35:15.784Z] bootElectron:waiting-for-ready-event
[2026-05-02T09:35:15.784Z] bootstrapApplication:bootElectron-resolved
[2026-05-02T09:35:16.073Z] app:ready-event
[2026-05-02T09:35:16.196Z] launchMainWindow:start
[2026-05-02T09:35:16.198Z] createMainWindow:start D:\Projects\Joanium\v2\Packages\Setup\UI\Index.html
[2026-05-02T09:35:24.960Z] app:web-contents-created
[2026-05-02T09:35:25.105Z] app:browser-window-created
[2026-05-02T09:35:29.300Z] webContents:did-start-loading
[2026-05-02T09:35:31.543Z] browserWindow:focus
[2026-05-02T09:35:40.126Z] browserWindow:focus
[2026-05-02T09:35:45.864Z] browserWindow:show
[2026-05-02T09:35:45.917Z] webContents:did-finish-load
[2026-05-02T09:35:45.921Z] createMainWindow:loadFile-resolved
[2026-05-02T09:35:45.923Z] browserWindow:show
[2026-05-02T09:35:45.925Z] launchMainWindow:complete
[2026-05-02T09:35:50.442Z] browserWindow:show
[2026-05-02T09:38:53.884Z] bootstrapApplication:start
[2026-05-02T09:38:53.887Z] bootstrapApplication:registry-ready 15
[2026-05-02T09:38:53.889Z] bootstrapApplication:electron-loaded
[2026-05-02T09:38:53.893Z] bootstrapApplication:setup-loaded
[2026-05-02T09:38:53.894Z] bootstrapApplication:setup-package-created
[2026-05-02T09:38:53.894Z] bootElectron:start
[2026-05-02T09:38:53.894Z] bootElectron:process-type browser
[2026-05-02T09:38:53.895Z] bootElectron:app-isReady-initial false
[2026-05-02T09:38:53.895Z] registerIpcHandlers:start 3
[2026-05-02T09:38:53.895Z] registerIpcHandlers:channel setup:bootstrap
[2026-05-02T09:38:53.896Z] registerIpcHandlers:channel setup:save-draft
[2026-05-02T09:38:53.896Z] registerIpcHandlers:channel setup:complete
[2026-05-02T09:38:53.896Z] bootElectron:waiting-for-ready-event
[2026-05-02T09:38:53.896Z] bootstrapApplication:bootElectron-resolved
[2026-05-02T09:38:54.470Z] app:ready-event
[2026-05-02T09:38:54.471Z] launchMainWindow:start
[2026-05-02T09:38:54.471Z] createMainWindow:start D:\Projects\Joanium\v2\Packages\Setup\UI\Index.html
[2026-05-02T09:38:54.543Z] app:web-contents-created
[2026-05-02T09:38:54.545Z] app:browser-window-created
[2026-05-02T09:38:54.661Z] webContents:did-start-loading
[2026-05-02T09:38:54.681Z] browserWindow:focus
[2026-05-02T09:38:59.611Z] browserWindow:show
[2026-05-02T09:38:59.710Z] webContents:did-finish-load
[2026-05-02T09:38:59.711Z] createMainWindow:loadFile-resolved
[2026-05-02T09:38:59.713Z] browserWindow:show
[2026-05-02T09:38:59.715Z] launchMainWindow:complete
[2026-05-02T09:39:04.412Z] browserWindow:show
[2026-05-02T09:40:49.428Z] browserWindow:focus
[2026-05-02T09:43:48.454Z] browserWindow:focus
[2026-05-02T09:44:42.872Z] browserWindow:focus
[2026-05-02T09:44:47.121Z] browserWindow:focus
[2026-05-02T09:45:47.009Z] browserWindow:focus
[2026-05-02T09:45:49.245Z] webContents:did-start-loading
[2026-05-02T09:45:52.168Z] browserWindow:focus
[2026-05-02T09:45:55.078Z] browserWindow:focus
[2026-05-02T09:45:58.978Z] webContents:did-finish-load
[2026-05-02T09:45:59.709Z] browserWindow:focus
[2026-05-02T09:46:03.323Z] browserWindow:focus
[2026-05-02T09:46:18.698Z] browserWindow:focus
[2026-05-02T09:46:49.235Z] browserWindow:focus
[2026-05-02T09:46:49.792Z] webContents:did-start-loading
[2026-05-02T09:46:49.899Z] webContents:did-finish-load
[2026-05-02T09:47:09.153Z] browserWindow:focus
[2026-05-02T09:51:42.310Z] bootstrapApplication:start
[2026-05-02T09:51:42.315Z] bootstrapApplication:registry-ready 15
[2026-05-02T09:51:42.317Z] bootstrapApplication:electron-loaded
[2026-05-02T09:51:42.322Z] bootstrapApplication:setup-loaded
[2026-05-02T09:51:42.322Z] bootstrapApplication:setup-package-created
[2026-05-02T09:51:42.323Z] bootElectron:start
[2026-05-02T09:51:42.324Z] bootElectron:process-type browser
[2026-05-02T09:51:42.324Z] bootElectron:app-isReady-initial false
[2026-05-02T09:51:42.325Z] registerIpcHandlers:start 3
[2026-05-02T09:51:42.325Z] registerIpcHandlers:channel setup:bootstrap
[2026-05-02T09:51:42.326Z] registerIpcHandlers:channel setup:save-draft
[2026-05-02T09:51:42.326Z] registerIpcHandlers:channel setup:complete
[2026-05-02T09:51:42.327Z] bootElectron:waiting-for-ready-event
[2026-05-02T09:51:42.327Z] bootstrapApplication:bootElectron-resolved
[2026-05-02T09:51:42.441Z] app:ready-event
[2026-05-02T09:51:42.442Z] launchMainWindow:start
[2026-05-02T09:51:42.442Z] createMainWindow:start D:\Projects\Joanium\v2\Packages\Setup\UI\Index.html
[2026-05-02T09:51:42.710Z] app:web-contents-created
[2026-05-02T09:51:42.711Z] app:browser-window-created
[2026-05-02T09:51:43.204Z] webContents:did-start-loading
[2026-05-02T09:51:45.129Z] browserWindow:focus
[2026-05-02T09:51:51.674Z] browserWindow:show
[2026-05-02T09:51:51.985Z] webContents:did-finish-load
[2026-05-02T09:51:51.986Z] createMainWindow:loadFile-resolved
[2026-05-02T09:51:51.988Z] browserWindow:show
[2026-05-02T09:51:51.990Z] launchMainWindow:complete
[2026-05-02T09:51:55.241Z] browserWindow:show
[2026-05-02T09:52:03.507Z] webContents:did-start-loading
[2026-05-02T09:52:03.857Z] webContents:did-finish-load
[2026-05-02T09:58:47.732Z] bootstrapApplication:start
[2026-05-02T09:58:47.750Z] bootstrapApplication:registry-ready 15
[2026-05-02T09:58:47.775Z] bootstrapApplication:electron-loaded
[2026-05-02T09:58:47.779Z] bootstrapApplication:setup-loaded
[2026-05-02T09:58:47.780Z] bootstrapApplication:setup-package-created
[2026-05-02T09:58:47.780Z] bootElectron:start
[2026-05-02T09:58:47.781Z] bootElectron:process-type browser
[2026-05-02T09:58:47.781Z] bootElectron:app-isReady-initial false
[2026-05-02T09:58:47.781Z] registerIpcHandlers:start 3
[2026-05-02T09:58:47.782Z] registerIpcHandlers:channel setup:bootstrap
[2026-05-02T09:58:47.782Z] registerIpcHandlers:channel setup:save-draft
[2026-05-02T09:58:47.782Z] registerIpcHandlers:channel setup:complete
[2026-05-02T09:58:47.783Z] bootElectron:waiting-for-ready-event
[2026-05-02T09:58:47.783Z] bootstrapApplication:bootElectron-resolved
[2026-05-02T09:58:47.885Z] app:ready-event
[2026-05-02T09:58:47.885Z] launchMainWindow:start
[2026-05-02T09:58:47.886Z] createMainWindow:start D:\Projects\Joanium\v2\Packages\Setup\UI\Index.html
[2026-05-02T09:58:48.046Z] app:web-contents-created
[2026-05-02T09:58:48.048Z] app:browser-window-created
[2026-05-02T09:58:48.135Z] webContents:did-start-loading
[2026-05-02T09:58:48.151Z] browserWindow:focus
[2026-05-02T09:58:56.084Z] browserWindow:show
[2026-05-02T09:58:56.147Z] webContents:did-finish-load
[2026-05-02T09:58:56.153Z] createMainWindow:loadFile-resolved
[2026-05-02T09:58:56.155Z] browserWindow:show
[2026-05-02T09:58:56.157Z] launchMainWindow:complete
[2026-05-02T09:58:57.599Z] browserWindow:show
[2026-05-02T09:59:21.175Z] browserWindow:focus
[2026-05-02T09:59:27.806Z] browserWindow:focus
[2026-05-02T09:59:30.914Z] app:web-contents-created
[2026-05-02T09:59:50.094Z] browserWindow:focus
[2026-05-02T10:00:47.753Z] bootstrapApplication:start
[2026-05-02T10:00:47.759Z] bootstrapApplication:registry-ready 15
[2026-05-02T10:00:47.776Z] bootstrapApplication:electron-loaded
[2026-05-02T10:00:47.802Z] bootstrapApplication:setup-loaded
[2026-05-02T10:00:47.803Z] bootstrapApplication:setup-package-created
[2026-05-02T10:00:47.803Z] bootElectron:start
[2026-05-02T10:00:47.804Z] bootElectron:process-type browser
[2026-05-02T10:00:47.804Z] bootElectron:app-isReady-initial false
[2026-05-02T10:00:47.805Z] registerIpcHandlers:start 3
[2026-05-02T10:00:47.806Z] registerIpcHandlers:channel setup:bootstrap
[2026-05-02T10:00:47.806Z] registerIpcHandlers:channel setup:save-draft
[2026-05-02T10:00:47.806Z] registerIpcHandlers:channel setup:complete
[2026-05-02T10:00:47.807Z] bootElectron:waiting-for-ready-event
[2026-05-02T10:00:47.807Z] bootstrapApplication:bootElectron-resolved
[2026-05-02T10:00:47.916Z] app:ready-event
[2026-05-02T10:00:47.916Z] launchMainWindow:start
[2026-05-02T10:00:47.917Z] createMainWindow:start D:\Projects\Joanium\v2\Packages\Setup\UI\Index.html
[2026-05-02T10:00:53.641Z] app:web-contents-created
[2026-05-02T10:00:53.681Z] app:browser-window-created
[2026-05-02T10:00:56.125Z] webContents:did-start-loading
[2026-05-02T10:00:57.488Z] browserWindow:focus
[2026-05-02T10:01:01.698Z] browserWindow:show
[2026-05-02T10:01:01.749Z] webContents:did-finish-load
[2026-05-02T10:01:01.750Z] createMainWindow:loadFile-resolved
[2026-05-02T10:01:01.753Z] browserWindow:show
[2026-05-02T10:01:01.755Z] launchMainWindow:complete
[2026-05-02T10:01:02.186Z] browserWindow:show
[2026-05-02T10:01:43.638Z] bootstrapApplication:start
[2026-05-02T10:01:43.641Z] bootstrapApplication:registry-ready 15
[2026-05-02T10:01:43.643Z] bootstrapApplication:electron-loaded
[2026-05-02T10:01:43.647Z] bootstrapApplication:setup-loaded
[2026-05-02T10:01:43.648Z] bootstrapApplication:setup-package-created
[2026-05-02T10:01:43.649Z] bootElectron:start
[2026-05-02T10:01:43.649Z] bootElectron:process-type browser
[2026-05-02T10:01:43.649Z] bootElectron:app-isReady-initial false
[2026-05-02T10:01:43.650Z] registerIpcHandlers:start 3
[2026-05-02T10:01:43.650Z] registerIpcHandlers:channel setup:bootstrap
[2026-05-02T10:01:43.651Z] registerIpcHandlers:channel setup:save-draft
[2026-05-02T10:01:43.651Z] registerIpcHandlers:channel setup:complete
[2026-05-02T10:01:43.651Z] bootElectron:waiting-for-ready-event
[2026-05-02T10:01:43.652Z] bootstrapApplication:bootElectron-resolved
[2026-05-02T10:01:43.700Z] app:ready-event
[2026-05-02T10:01:43.700Z] launchMainWindow:start
[2026-05-02T10:01:43.701Z] createMainWindow:start D:\Projects\Joanium\v2\Packages\Setup\UI\Index.html
[2026-05-02T10:01:43.751Z] app:web-contents-created
[2026-05-02T10:01:43.753Z] app:browser-window-created
[2026-05-02T10:01:43.802Z] webContents:did-start-loading
[2026-05-02T10:01:43.814Z] browserWindow:focus
[2026-05-02T10:01:44.413Z] browserWindow:show
[2026-05-02T10:01:44.419Z] webContents:did-finish-load
[2026-05-02T10:01:44.420Z] createMainWindow:loadFile-resolved
[2026-05-02T10:01:44.423Z] browserWindow:show
[2026-05-02T10:01:44.425Z] launchMainWindow:complete
[2026-05-02T10:01:45.276Z] browserWindow:show
[2026-05-02T10:01:53.828Z] browserWindow:focus
[2026-05-02T10:01:55.308Z] app:web-contents-created
[2026-05-02T10:02:50.990Z] bootstrapApplication:start
[2026-05-02T10:02:50.994Z] bootstrapApplication:registry-ready 15
[2026-05-02T10:02:50.996Z] bootstrapApplication:electron-loaded
[2026-05-02T10:02:51.001Z] bootstrapApplication:setup-loaded
[2026-05-02T10:02:51.001Z] bootstrapApplication:setup-package-created
[2026-05-02T10:02:51.002Z] bootElectron:start
[2026-05-02T10:02:51.003Z] bootElectron:process-type browser
[2026-05-02T10:02:51.003Z] bootElectron:app-isReady-initial false
[2026-05-02T10:02:51.004Z] registerIpcHandlers:start 3
[2026-05-02T10:02:51.004Z] registerIpcHandlers:channel setup:bootstrap
[2026-05-02T10:02:51.004Z] registerIpcHandlers:channel setup:save-draft
[2026-05-02T10:02:51.005Z] registerIpcHandlers:channel setup:complete
[2026-05-02T10:02:51.005Z] bootElectron:waiting-for-ready-event
[2026-05-02T10:02:51.005Z] bootstrapApplication:bootElectron-resolved
[2026-05-02T10:02:51.100Z] app:ready-event
[2026-05-02T10:02:51.101Z] launchMainWindow:start
[2026-05-02T10:02:51.102Z] createMainWindow:start D:\Projects\Joanium\v2\Packages\Setup\UI\Index.html
[2026-05-02T10:02:51.157Z] app:web-contents-created
[2026-05-02T10:02:51.159Z] app:browser-window-created
[2026-05-02T10:02:51.217Z] webContents:did-start-loading
[2026-05-02T10:02:51.231Z] browserWindow:focus
[2026-05-02T10:02:51.958Z] browserWindow:show
[2026-05-02T10:02:51.962Z] webContents:did-finish-load
[2026-05-02T10:02:51.963Z] createMainWindow:loadFile-resolved
[2026-05-02T10:02:51.966Z] browserWindow:show
[2026-05-02T10:02:51.968Z] launchMainWindow:complete
[2026-05-02T10:02:51.981Z] browserWindow:show
[2026-05-02T10:03:22.444Z] browserWindow:focus
[2026-05-02T10:03:32.192Z] browserWindow:focus
[2026-05-02T10:06:14.712Z] bootstrapApplication:start
[2026-05-02T10:06:14.730Z] bootstrapApplication:registry-ready 15
[2026-05-02T10:06:14.740Z] bootstrapApplication:electron-loaded
[2026-05-02T10:06:14.749Z] bootstrapApplication:setup-loaded
[2026-05-02T10:06:14.750Z] bootstrapApplication:setup-package-created
[2026-05-02T10:06:14.751Z] bootElectron:start
[2026-05-02T10:06:14.753Z] bootElectron:process-type browser
[2026-05-02T10:06:14.754Z] bootElectron:app-isReady-initial false
[2026-05-02T10:06:14.755Z] registerIpcHandlers:start 3
[2026-05-02T10:06:14.755Z] registerIpcHandlers:channel setup:bootstrap
[2026-05-02T10:06:14.756Z] registerIpcHandlers:channel setup:save-draft
[2026-05-02T10:06:14.776Z] registerIpcHandlers:channel setup:complete
[2026-05-02T10:06:14.825Z] bootElectron:waiting-for-ready-event
[2026-05-02T10:06:14.825Z] bootstrapApplication:bootElectron-resolved
[2026-05-02T10:06:15.032Z] app:ready-event
[2026-05-02T10:06:15.033Z] launchMainWindow:start
[2026-05-02T10:06:15.034Z] createMainWindow:start D:\Projects\Joanium\v2\Packages\Setup\UI\Index.html
[2026-05-02T10:06:15.123Z] app:web-contents-created
[2026-05-02T10:06:15.125Z] app:browser-window-created
[2026-05-02T10:06:15.202Z] webContents:did-start-loading
[2026-05-02T10:06:15.215Z] browserWindow:focus
[2026-05-02T10:06:24.154Z] browserWindow:focus
[2026-05-02T10:06:34.396Z] browserWindow:show
[2026-05-02T10:06:34.461Z] webContents:did-finish-load
[2026-05-02T10:06:34.462Z] createMainWindow:loadFile-resolved
[2026-05-02T10:06:34.464Z] browserWindow:show
[2026-05-02T10:06:34.466Z] launchMainWindow:complete
[2026-05-02T10:06:38.498Z] browserWindow:show
[2026-05-02T10:08:01.008Z] browserWindow:focus
[2026-05-02T10:08:01.877Z] webContents:did-start-loading
[2026-05-02T10:08:06.615Z] webContents:did-finish-load
[2026-05-02T10:08:12.698Z] browserWindow:focus
[2026-05-02T10:08:13.211Z] webContents:did-start-loading
[2026-05-02T10:08:13.448Z] webContents:did-finish-load
[2026-05-02T10:08:29.987Z] bootstrapApplication:start
[2026-05-02T10:08:29.991Z] bootstrapApplication:registry-ready 15
[2026-05-02T10:08:29.994Z] bootstrapApplication:electron-loaded
[2026-05-02T10:08:29.999Z] bootstrapApplication:setup-loaded
[2026-05-02T10:08:30.000Z] bootstrapApplication:setup-package-created
[2026-05-02T10:08:30.000Z] bootElectron:start
[2026-05-02T10:08:30.001Z] bootElectron:process-type browser
[2026-05-02T10:08:30.001Z] bootElectron:app-isReady-initial false
[2026-05-02T10:08:30.002Z] registerIpcHandlers:start 3
[2026-05-02T10:08:30.002Z] registerIpcHandlers:channel setup:bootstrap
[2026-05-02T10:08:30.003Z] registerIpcHandlers:channel setup:save-draft
[2026-05-02T10:08:30.003Z] registerIpcHandlers:channel setup:complete
[2026-05-02T10:08:30.003Z] bootElectron:waiting-for-ready-event
[2026-05-02T10:08:30.004Z] bootstrapApplication:bootElectron-resolved
[2026-05-02T10:08:30.079Z] app:ready-event
[2026-05-02T10:08:30.079Z] launchMainWindow:start
[2026-05-02T10:08:30.080Z] createMainWindow:start D:\Projects\Joanium\v2\Packages\Setup\UI\Index.html
[2026-05-02T10:08:30.129Z] app:web-contents-created
[2026-05-02T10:08:30.131Z] app:browser-window-created
[2026-05-02T10:08:30.194Z] webContents:did-start-loading
[2026-05-02T10:08:30.209Z] browserWindow:focus
[2026-05-02T10:08:31.144Z] browserWindow:show
[2026-05-02T10:08:31.149Z] webContents:did-finish-load
[2026-05-02T10:08:31.150Z] createMainWindow:loadFile-resolved
[2026-05-02T10:08:31.152Z] browserWindow:show
[2026-05-02T10:08:31.156Z] launchMainWindow:complete
[2026-05-02T10:08:31.165Z] browserWindow:show
[2026-05-02T10:09:02.145Z] browserWindow:focus
[2026-05-02T10:09:03.147Z] webContents:did-start-loading
[2026-05-02T10:09:03.402Z] webContents:did-finish-load
[2026-05-02T10:09:40.874Z] browserWindow:focus
[2026-05-02T10:09:41.830Z] webContents:did-start-loading
[2026-05-02T10:09:42.070Z] webContents:did-finish-load
[2026-05-02T10:10:03.027Z] browserWindow:focus
[2026-05-02T10:10:52.305Z] browserWindow:focus
[2026-05-02T10:10:53.457Z] webContents:did-start-loading
[2026-05-02T10:10:53.918Z] webContents:did-finish-load
[2026-05-02T10:11:04.086Z] browserWindow:focus
[2026-05-02T10:11:17.312Z] bootstrapApplication:start
[2026-05-02T10:11:17.316Z] bootstrapApplication:registry-ready 15
[2026-05-02T10:11:17.319Z] bootstrapApplication:electron-loaded
[2026-05-02T10:11:17.324Z] bootstrapApplication:setup-loaded
[2026-05-02T10:11:17.324Z] bootstrapApplication:setup-package-created
[2026-05-02T10:11:17.325Z] bootElectron:start
[2026-05-02T10:11:17.326Z] bootElectron:process-type browser
[2026-05-02T10:11:17.326Z] bootElectron:app-isReady-initial false
[2026-05-02T10:11:17.326Z] registerIpcHandlers:start 3
[2026-05-02T10:11:17.327Z] registerIpcHandlers:channel setup:bootstrap
[2026-05-02T10:11:17.327Z] registerIpcHandlers:channel setup:save-draft
[2026-05-02T10:11:17.328Z] registerIpcHandlers:channel setup:complete
[2026-05-02T10:11:17.328Z] bootElectron:waiting-for-ready-event
[2026-05-02T10:11:17.329Z] bootstrapApplication:bootElectron-resolved
[2026-05-02T10:11:17.399Z] app:ready-event
[2026-05-02T10:11:17.400Z] launchMainWindow:start
[2026-05-02T10:11:17.400Z] createMainWindow:start D:\Projects\Joanium\v2\Packages\Setup\UI\Index.html
[2026-05-02T10:11:17.448Z] app:web-contents-created
[2026-05-02T10:11:17.449Z] app:browser-window-created
[2026-05-02T10:11:17.575Z] webContents:did-start-loading
[2026-05-02T10:11:17.591Z] browserWindow:focus
[2026-05-02T10:11:19.765Z] browserWindow:show
[2026-05-02T10:11:19.775Z] webContents:did-finish-load
[2026-05-02T10:11:19.775Z] createMainWindow:loadFile-resolved
[2026-05-02T10:11:19.778Z] browserWindow:show
[2026-05-02T10:11:19.780Z] launchMainWindow:complete
[2026-05-02T10:11:19.786Z] browserWindow:show
[2026-05-02T10:11:19.808Z] browserWindow:focus
[2026-05-02T10:11:19.810Z] browserWindow:focus
[2026-05-02T10:12:10.621Z] browserWindow:focus
[2026-05-02T10:12:11.929Z] webContents:did-start-loading
[2026-05-02T10:12:12.428Z] webContents:did-finish-load
[2026-05-02T10:12:16.974Z] browserWindow:focus
[2026-05-02T10:12:24.646Z] browserWindow:focus
[2026-05-02T10:12:25.702Z] webContents:did-start-loading
[2026-05-02T10:12:25.914Z] webContents:did-finish-load
[2026-05-02T10:12:40.287Z] browserWindow:focus
[2026-05-02T10:13:01.084Z] browserWindow:focus
[2026-05-02T10:13:02.960Z] browserWindow:focus
[2026-05-02T10:13:07.127Z] browserWindow:focus
[2026-05-02T10:15:38.917Z] browserWindow:focus
[2026-05-02T10:15:40.018Z] webContents:did-start-loading
[2026-05-02T10:15:40.299Z] webContents:did-finish-load
[2026-05-02T10:15:51.323Z] webContents:did-start-loading
[2026-05-02T10:15:51.392Z] webContents:did-finish-load
[2026-05-02T10:15:57.391Z] browserWindow:focus
[2026-05-02T10:16:09.087Z] browserWindow:focus
[2026-05-02T10:16:18.400Z] browserWindow:focus
[2026-05-02T10:16:23.041Z] browserWindow:focus
[2026-05-02T10:16:26.471Z] browserWindow:focus
[2026-05-02T10:18:45.172Z] bootstrapApplication:start
[2026-05-02T10:18:45.177Z] bootstrapApplication:registry-ready 15
[2026-05-02T10:18:45.179Z] bootstrapApplication:electron-loaded
[2026-05-02T10:18:45.184Z] bootstrapApplication:setup-loaded
[2026-05-02T10:18:45.185Z] bootstrapApplication:setup-package-created
[2026-05-02T10:18:45.186Z] bootElectron:start
[2026-05-02T10:18:45.186Z] bootElectron:process-type browser
[2026-05-02T10:18:45.187Z] bootElectron:app-isReady-initial false
[2026-05-02T10:18:45.187Z] registerIpcHandlers:start 3
[2026-05-02T10:18:45.188Z] registerIpcHandlers:channel setup:bootstrap
[2026-05-02T10:18:45.188Z] registerIpcHandlers:channel setup:save-draft
[2026-05-02T10:18:45.189Z] registerIpcHandlers:channel setup:complete
[2026-05-02T10:18:45.189Z] bootElectron:waiting-for-ready-event
[2026-05-02T10:18:45.189Z] bootstrapApplication:bootElectron-resolved
[2026-05-02T10:18:45.268Z] app:ready-event
[2026-05-02T10:18:45.269Z] launchMainWindow:start
[2026-05-02T10:18:45.269Z] createMainWindow:start D:\Projects\Joanium\v2\Packages\Setup\UI\Index.html
[2026-05-02T10:18:45.330Z] app:web-contents-created
[2026-05-02T10:18:45.331Z] app:browser-window-created
[2026-05-02T10:18:50.749Z] webContents:did-start-loading
[2026-05-02T10:18:53.068Z] browserWindow:focus
[2026-05-02T10:18:54.454Z] browserWindow:focus
[2026-05-02T10:19:03.550Z] browserWindow:show
[2026-05-02T10:19:03.606Z] webContents:did-finish-load
[2026-05-02T10:19:03.606Z] createMainWindow:loadFile-resolved
[2026-05-02T10:19:03.609Z] browserWindow:show
[2026-05-02T10:19:03.616Z] launchMainWindow:complete
[2026-05-02T10:19:07.262Z] browserWindow:show
[2026-05-02T10:19:28.593Z] browserWindow:focus
[2026-05-02T10:20:04.688Z] browserWindow:focus
[2026-05-02T10:20:06.070Z] webContents:did-start-loading
[2026-05-02T10:20:06.562Z] webContents:did-finish-load
[2026-05-02T10:20:24.368Z] browserWindow:focus
[2026-05-02T10:20:31.167Z] browserWindow:focus
[2026-05-02T10:20:33.003Z] browserWindow:focus
[2026-05-02T10:20:35.770Z] browserWindow:focus
[2026-05-02T10:21:31.055Z] browserWindow:focus
[2026-05-02T10:21:33.289Z] webContents:did-start-loading
[2026-05-02T10:21:39.078Z] webContents:did-finish-load
[2026-05-02T10:22:24.559Z] browserWindow:focus
[2026-05-02T10:26:51.368Z] bootstrapApplication:start
[2026-05-02T10:26:51.390Z] bootstrapApplication:registry-ready 15
[2026-05-02T10:26:51.450Z] bootstrapApplication:electron-loaded
[2026-05-02T10:26:51.456Z] bootstrapApplication:setup-loaded
[2026-05-02T10:26:51.456Z] bootstrapApplication:setup-package-created
[2026-05-02T10:26:51.457Z] bootElectron:start
[2026-05-02T10:26:51.457Z] bootElectron:process-type browser
[2026-05-02T10:26:51.458Z] bootElectron:app-isReady-initial false
[2026-05-02T10:26:51.458Z] registerIpcHandlers:start 3
[2026-05-02T10:26:51.458Z] registerIpcHandlers:channel setup:bootstrap
[2026-05-02T10:26:51.459Z] registerIpcHandlers:channel setup:save-draft
[2026-05-02T10:26:51.459Z] registerIpcHandlers:channel setup:complete
[2026-05-02T10:26:51.459Z] bootElectron:waiting-for-ready-event
[2026-05-02T10:26:51.460Z] bootstrapApplication:bootElectron-resolved
[2026-05-02T10:26:51.606Z] app:ready-event
[2026-05-02T10:26:51.606Z] launchMainWindow:start
[2026-05-02T10:26:51.607Z] createMainWindow:start D:\Projects\Joanium\v2\Packages\Setup\UI\Index.html
[2026-05-02T10:26:51.800Z] app:web-contents-created
[2026-05-02T10:26:51.802Z] app:browser-window-created
[2026-05-02T10:26:51.868Z] webContents:did-start-loading
[2026-05-02T10:26:56.348Z] browserWindow:focus
[2026-05-02T10:27:11.934Z] browserWindow:show
[2026-05-02T10:27:12.104Z] webContents:did-finish-load
[2026-05-02T10:27:12.105Z] createMainWindow:loadFile-resolved
[2026-05-02T10:27:12.115Z] browserWindow:show
[2026-05-02T10:27:12.117Z] launchMainWindow:complete
[2026-05-02T10:27:12.424Z] browserWindow:focus
[2026-05-02T10:27:14.799Z] browserWindow:show
[2026-05-02T10:27:26.240Z] browserWindow:focus
[2026-05-02T10:27:56.705Z] bootstrapApplication:start
[2026-05-02T10:27:56.712Z] bootstrapApplication:registry-ready 15
[2026-05-02T10:27:56.740Z] bootstrapApplication:electron-loaded
[2026-05-02T10:27:56.811Z] bootstrapApplication:setup-loaded
[2026-05-02T10:27:56.812Z] bootstrapApplication:setup-package-created
[2026-05-02T10:27:56.813Z] bootElectron:start
[2026-05-02T10:27:56.813Z] bootElectron:process-type browser
[2026-05-02T10:27:56.815Z] bootElectron:app-isReady-initial false
[2026-05-02T10:27:56.816Z] registerIpcHandlers:start 3
[2026-05-02T10:27:56.817Z] registerIpcHandlers:channel setup:bootstrap
[2026-05-02T10:27:56.817Z] registerIpcHandlers:channel setup:save-draft
[2026-05-02T10:27:56.817Z] registerIpcHandlers:channel setup:complete
[2026-05-02T10:27:56.818Z] bootElectron:waiting-for-ready-event
[2026-05-02T10:27:56.818Z] bootstrapApplication:bootElectron-resolved
[2026-05-02T10:27:57.056Z] app:ready-event
[2026-05-02T10:27:57.056Z] launchMainWindow:start
[2026-05-02T10:27:57.057Z] createMainWindow:start D:\Projects\Joanium\v2\Packages\Setup\UI\Index.html
[2026-05-02T10:27:57.383Z] app:web-contents-created
[2026-05-02T10:27:57.385Z] app:browser-window-created
[2026-05-02T10:27:57.588Z] webContents:did-start-loading
[2026-05-02T10:27:57.896Z] browserWindow:focus
[2026-05-02T10:28:02.732Z] browserWindow:focus
[2026-05-02T10:28:12.330Z] browserWindow:show
[2026-05-02T10:28:12.430Z] webContents:did-finish-load
[2026-05-02T10:28:12.430Z] createMainWindow:loadFile-resolved
[2026-05-02T10:28:12.433Z] browserWindow:show
[2026-05-02T10:28:12.435Z] launchMainWindow:complete
[2026-05-02T10:28:16.401Z] browserWindow:focus
[2026-05-02T10:28:16.748Z] browserWindow:show
[2026-05-02T10:28:19.879Z] browserWindow:focus
[2026-05-02T10:28:35.830Z] browserWindow:focus
[2026-05-02T10:28:54.898Z] browserWindow:focus
[2026-05-02T10:29:18.094Z] browserWindow:focus
[2026-05-02T10:29:27.573Z] browserWindow:focus
[2026-05-02T10:29:42.450Z] browserWindow:focus
[2026-05-02T10:30:46.638Z] browserWindow:focus
[2026-05-02T10:30:49.625Z] webContents:did-start-loading
[2026-05-02T10:30:55.154Z] browserWindow:focus
[2026-05-02T10:31:03.778Z] browserWindow:focus
[2026-05-02T10:31:05.790Z] browserWindow:focus
[2026-05-02T10:31:08.403Z] browserWindow:focus
[2026-05-02T10:31:10.175Z] webContents:did-finish-load
[2026-05-02T10:31:18.940Z] browserWindow:focus
[2026-05-02T10:32:04.387Z] browserWindow:focus
[2026-05-02T10:32:12.582Z] browserWindow:focus
[2026-05-02T10:32:13.334Z] webContents:did-start-loading
[2026-05-02T10:32:13.929Z] webContents:did-finish-load
[2026-05-02T10:32:26.745Z] bootstrapApplication:start
[2026-05-02T10:32:26.749Z] bootstrapApplication:registry-ready 15
[2026-05-02T10:32:26.752Z] bootstrapApplication:electron-loaded
[2026-05-02T10:32:26.757Z] bootstrapApplication:setup-loaded
[2026-05-02T10:32:26.758Z] bootstrapApplication:setup-package-created
[2026-05-02T10:32:26.758Z] bootElectron:start
[2026-05-02T10:32:26.759Z] bootElectron:process-type browser
[2026-05-02T10:32:26.759Z] bootElectron:app-isReady-initial false
[2026-05-02T10:32:26.760Z] registerIpcHandlers:start 3
[2026-05-02T10:32:26.760Z] registerIpcHandlers:channel setup:bootstrap
[2026-05-02T10:32:26.761Z] registerIpcHandlers:channel setup:save-draft
[2026-05-02T10:32:26.761Z] registerIpcHandlers:channel setup:complete
[2026-05-02T10:32:26.761Z] bootElectron:waiting-for-ready-event
[2026-05-02T10:32:26.762Z] bootstrapApplication:bootElectron-resolved
[2026-05-02T10:32:26.916Z] app:ready-event
[2026-05-02T10:32:26.916Z] launchMainWindow:start
[2026-05-02T10:32:26.917Z] createMainWindow:start D:\Projects\Joanium\v2\Packages\Setup\UI\Index.html
[2026-05-02T10:32:27.082Z] app:web-contents-created
[2026-05-02T10:32:27.083Z] app:browser-window-created
[2026-05-02T10:32:27.160Z] webContents:did-start-loading
[2026-05-02T10:32:27.171Z] browserWindow:focus
[2026-05-02T10:32:30.177Z] browserWindow:show
[2026-05-02T10:32:30.199Z] webContents:did-finish-load
[2026-05-02T10:32:30.204Z] createMainWindow:loadFile-resolved
[2026-05-02T10:32:30.208Z] browserWindow:show
[2026-05-02T10:32:30.210Z] launchMainWindow:complete
[2026-05-02T10:32:31.630Z] browserWindow:show
[2026-05-02T10:33:02.512Z] browserWindow:focus
[2026-05-02T10:33:08.341Z] browserWindow:focus
[2026-05-02T10:34:08.936Z] browserWindow:focus
[2026-05-02T10:34:10.648Z] webContents:did-start-loading
[2026-05-02T10:34:17.615Z] browserWindow:focus
[2026-05-02T10:34:17.673Z] webContents:did-finish-load
[2026-05-02T10:34:24.306Z] webContents:did-start-loading
[2026-05-02T10:34:24.425Z] webContents:did-finish-load
[2026-05-02T10:34:25.574Z] webContents:did-start-loading
[2026-05-02T10:34:25.731Z] webContents:did-finish-load
[2026-05-02T10:34:26.114Z] webContents:did-start-loading
[2026-05-02T10:34:26.272Z] webContents:did-finish-load
[2026-05-02T10:34:26.298Z] webContents:did-start-loading
[2026-05-02T10:34:26.447Z] webContents:did-finish-load
[2026-05-02T10:34:26.474Z] webContents:did-start-loading
[2026-05-02T10:34:26.669Z] webContents:did-finish-load
[2026-05-02T10:34:26.752Z] webContents:did-finish-load
[2026-05-02T10:34:26.903Z] webContents:did-finish-load
[2026-05-02T10:34:26.915Z] webContents:did-start-loading
[2026-05-02T10:34:27.160Z] webContents:did-finish-load
[2026-05-02T10:34:27.301Z] webContents:did-finish-load
[2026-05-02T10:34:45.536Z] browserWindow:focus
[2026-05-02T10:34:46.192Z] webContents:did-start-loading
[2026-05-02T10:34:46.307Z] webContents:did-finish-load
[2026-05-02T10:35:03.232Z] browserWindow:focus
[2026-05-02T10:35:56.802Z] browserWindow:focus
[2026-05-02T10:35:58.560Z] webContents:did-start-loading
[2026-05-02T10:35:58.683Z] webContents:did-finish-load
[2026-05-02T10:35:59.174Z] webContents:did-start-loading
[2026-05-02T10:35:59.253Z] webContents:did-finish-load
[2026-05-02T10:35:59.557Z] webContents:did-start-loading
[2026-05-02T10:35:59.722Z] webContents:did-finish-load
[2026-05-02T10:35:59.754Z] webContents:did-start-loading
[2026-05-02T10:35:59.960Z] webContents:did-finish-load
[2026-05-02T10:35:59.964Z] webContents:did-start-loading
[2026-05-02T10:36:00.139Z] webContents:did-finish-load
[2026-05-02T10:36:00.192Z] webContents:did-start-loading
[2026-05-02T10:36:00.364Z] webContents:did-finish-load
[2026-05-02T10:36:06.699Z] browserWindow:focus
[2026-05-02T10:36:07.578Z] webContents:did-start-loading
[2026-05-02T10:36:07.645Z] webContents:did-finish-load
[2026-05-02T10:36:08.102Z] webContents:did-start-loading
[2026-05-02T10:36:08.200Z] webContents:did-finish-load
[2026-05-02T10:36:08.532Z] webContents:did-start-loading
[2026-05-02T10:36:08.690Z] webContents:did-finish-load
[2026-05-02T10:36:08.740Z] webContents:did-start-loading
[2026-05-02T10:36:08.904Z] webContents:did-finish-load
[2026-05-02T10:36:09.005Z] webContents:did-start-loading
[2026-05-02T10:36:09.123Z] webContents:did-finish-load
[2026-05-02T10:36:09.271Z] webContents:did-finish-load
[2026-05-02T10:36:09.288Z] webContents:did-start-loading
[2026-05-02T10:36:09.582Z] webContents:did-fail-load {"errorCode":-3,"errorDescription":"","validatedUrl":"file:///D:/Projects/Joanium/v2/Packages/Setup/UI/Index.html"}
[2026-05-02T10:36:09.914Z] browserWindow:show
[2026-05-02T10:36:09.977Z] webContents:did-finish-load
[2026-05-02T10:36:10.047Z] webContents:did-finish-load
[2026-05-02T10:36:10.129Z] webContents:did-finish-load
[2026-05-02T10:36:10.463Z] webContents:did-start-loading
[2026-05-02T10:36:10.666Z] webContents:did-finish-load
[2026-05-02T10:36:11.101Z] webContents:did-start-loading
[2026-05-02T10:36:11.226Z] webContents:did-finish-load
[2026-05-02T10:36:18.950Z] browserWindow:focus
[2026-05-02T10:36:19.483Z] webContents:did-start-loading
[2026-05-02T10:36:19.569Z] webContents:did-finish-load
[2026-05-02T10:36:20.137Z] webContents:did-start-loading
[2026-05-02T10:36:20.244Z] webContents:did-finish-load
[2026-05-02T10:36:25.974Z] browserWindow:focus
[2026-05-02T10:36:37.770Z] browserWindow:focus
[2026-05-02T10:37:43.283Z] browserWindow:focus
[2026-05-02T10:37:44.465Z] webContents:did-start-loading
[2026-05-02T10:37:44.875Z] webContents:did-finish-load
